2019-12-09 10:57:19,609 [django.server:124] [basehttp:log_message] [INFO] "GET /index/log HTTP/1.1" 301 0
2019-12-09 10:57:20,125 [django.server:124] [basehttp:log_message] [ERROR] "GET /index/log/ HTTP/1.1" 500 19567
2019-12-09 10:57:20,265 [django.server:124] [basehttp:log_message] [WARNING] "GET /favicon.ico HTTP/1.1" 404 2072
2019-12-09 10:57:53,802 [django.server:124] [basehttp:log_message] [INFO] "GET /index/log/ HTTP/1.1" 200 31
2019-12-09 10:59:30,559 [django.server:124] [basehttp:log_message] [INFO] "GET /index/log/ HTTP/1.1" 200 2
2019-12-09 10:59:54,032 [django.server:124] [basehttp:log_message] [INFO] "GET /index/log/ HTTP/1.1" 200 2
2019-12-09 11:00:27,105 [django.server:124] [basehttp:log_message] [INFO] "GET /index/log/ HTTP/1.1" 200 2
2019-12-09 11:26:01,338 [django.server:124] [basehttp:log_message] [INFO] "GET /index/log/ HTTP/1.1" 200 2
2019-12-09 11:26:32,311 [django.server:124] [basehttp:log_message] [INFO] "GET /index/log/?pwd=123456 HTTP/1.1" 200 2
2019-12-13 18:02:59,101 [django.server:124] [basehttp:log_message] [INFO] "GET /index/test HTTP/1.1" 301 0
2019-12-13 18:02:59,651 [django.server:124] [basehttp:log_message] [WARNING] "GET /index/test/ HTTP/1.1" 400 96
2019-12-13 18:02:59,778 [django.server:124] [basehttp:log_message] [WARNING] "GET /favicon.ico HTTP/1.1" 404 2072
2019-12-13 18:03:26,809 [django.server:124] [basehttp:log_message] [ERROR] "GET /index/cache/ HTTP/1.1" 500 19576
2019-12-13 18:04:30,790 [django.server:124] [basehttp:log_message] [ERROR] "GET /index/cache/ HTTP/1.1" 500 19609
2019-12-13 18:04:58,426 [django.server:124] [basehttp:log_message] [INFO] "GET /index/cache/ HTTP/1.1" 200 21
2019-12-13 18:20:35,976 [django.server:124] [basehttp:log_message] [ERROR] "GET /index/cache/ HTTP/1.1" 500 60436
2019-12-13 18:21:12,901 [django.server:124] [basehttp:log_message] [INFO] "GET /index/cache/ HTTP/1.1" 200 21
2019-12-13 18:22:10,609 [django.server:124] [basehttp:log_message] [INFO] "GET /index/cache/ HTTP/1.1" 200 21
2019-12-13 18:22:23,956 [django.server:124] [basehttp:log_message] [INFO] "GET /index/cache/ HTTP/1.1" 200 21
2019-12-13 18:23:03,174 [django.server:124] [basehttp:log_message] [INFO] "GET /index/cache/ HTTP/1.1" 200 21
2019-12-13 18:23:35,733 [django.server:124] [basehttp:log_message] [INFO] "GET /index/cache/ HTTP/1.1" 200 21
2019-12-13 18:24:14,099 [django.server:124] [basehttp:log_message] [INFO] "GET /index/cache/ HTTP/1.1" 200 21
2019-12-13 18:27:21,546 [django.server:124] [basehttp:log_message] [INFO] "GET /index/cache/ HTTP/1.1" 200 21
